BALLPOS_INI	EQU 04850H
BALL_BOTTOM	EQU 000B8H
BALL_TOP	EQU 00002H
CROSS_LEFT	EQU 00001H
CROSS_LEFT_ROT	EQU 000FFH
CROSS_RIGHT	EQU 0001DH
CROSS_RIGHT_ROT	EQU 00001H
CheckBallCross	EQU 081EEH
CheckBottom	EQU 08554H
CheckCrossX	EQU 0822BH
CheckCrossY	EQU 08232H
CheckTop	EQU 0855AH
ClearBall	EQU 084CEH
Cls		EQU 084E3H
Eight		EQU 083C2H
Eight_sprite	EQU 08382H
Eighteen	EQU 083EAH
Eleven		EQU 083CEH
FILL		EQU 000FFH
Fifteen		EQU 083DEH
Fifty		EQU 0846AH
Fifty_Eight	EQU 0848AH
Fifty_Five	EQU 0847EH
Fifty_Four	EQU 0847AH
Fifty_Nine	EQU 0848EH
Fifty_One	EQU 0846EH
Fifty_Seven	EQU 08486H
Fifty_Six	EQU 08482H
Fifty_Three	EQU 08476H
Fifty_Two	EQU 08472H
Five		EQU 083B6H
Five_sprite	EQU 08352H
Forty		EQU 08442H
Forty_Eight	EQU 08462H
Forty_Five	EQU 08456H
Forty_Four	EQU 08452H
Forty_Nine	EQU 08466H
Forty_One	EQU 08446H
Forty_Seven	EQU 0845EH
Forty_Six	EQU 0845AH
Forty_Three	EQU 0844EH
Forty_Two	EQU 0844AH
Four		EQU 083B2H
Four_sprite	EQU 08342H
Fourteen	EQU 083DAH
GetPointSprite	EQU 084A6H
GetPtrY		EQU 085A4H
LINE		EQU 00080H
Loop		EQU 08030H
MARGIN_LEFT	EQU 00000H
MARGIN_RIGHT	EQU 0001EH
Main		EQU 08000H
MoveBall	EQU 080D1H
MoveBallY	EQU 081DAH
MovePaddle	EQU 08185H
NextScan	EQU 084B0H
Nine		EQU 083C6H
Nine_sprite	EQU 08392H
Nineteen	EQU 083EEH
One		EQU 083A6H
One_sprite	EQU 08312H
PADDLE1		EQU 0000FH
PADDLE1POS_INI	EQU 04861H
PADDLE2		EQU 000F0H
PADDLE2POS_INI	EQU 0487EH
PADDLE_BOTTOM	EQU 000A6H
PADDLE_TOP	EQU 00002H
POINTS_P1	EQU 0450DH
POINTS_P2	EQU 04511H
POINTS_X1_L	EQU 0000CH
POINTS_X1_R	EQU 0000FH
POINTS_X2_L	EQU 00010H
POINTS_X2_R	EQU 00013H
POINTS_Y_B	EQU 00014H
PreviousScan	EQU 084BFH
PrintBall	EQU 08564H
PrintBorder	EQU 084FAH
PrintLine	EQU 0850BH
PrintPaddle	EQU 08544H
PrintPoint	EQU 085EDH
PrintPoints	EQU 085B7H
ReprintLine	EQU 08524H
ReprintPoints	EQU 085F8H
ScanKeys	EQU 0808EH
SetBallLeft	EQU 0829FH
SetBallRight	EQU 082BAH
Seven		EQU 083BEH
Seven_sprite	EQU 08372H
Seventeen	EQU 083E6H
Six		EQU 083BAH
Six_sprite	EQU 08362H
Sixteen		EQU 083E2H
Sixty		EQU 08492H
Sixty_Foure	EQU 084A2H
Sixty_One	EQU 08496H
Sixty_Three	EQU 0849EH
Sixty_Two	EQU 0849AH
Ten		EQU 083CAH
Thirteen	EQU 083D6H
Thirty		EQU 0841AH
Thirty_Eight	EQU 0843AH
Thirty_Five	EQU 0842EH
Thirty_Four	EQU 0842AH
Thirty_Nine	EQU 0843EH
Thirty_One	EQU 0841EH
Thirty_Seven	EQU 08436H
Thirty_Six	EQU 08432H
Thirty_Three	EQU 08426H
Thirty_Two	EQU 08422H
Three		EQU 083AEH
Three_sprite	EQU 08332H
Twelve		EQU 083D2H
Twenty		EQU 083F2H
Twenty_Eight	EQU 08412H
Twenty_Five	EQU 08406H
Twenty_Four	EQU 08402H
Twenty_Nine	EQU 08416H
Twenty_One	EQU 083F6H
Twenty_Seven	EQU 0840EH
Twenty_Six	EQU 0840AH
Twenty_Three	EQU 083FEH
Twenty_Two	EQU 083FAH
Two		EQU 083AAH
Two_sprite	EQU 08322H
WaitStart	EQU 080C8H
White_sprite	EQU 082F2H
ZERO		EQU 00000H
Zero		EQU 083A2H
Zero_sprite	EQU 08302H
ballLeft	EQU 082F0H
ballMovCount	EQU 082DBH
ballPos		EQU 082D9H
ballRight	EQU 082E0H
ballRotation	EQU 082DEH
ballSetting	EQU 082DCH
checkBallCross_left EQU 08210H
checkBallCross_right EQU 081F5H
checkBottom_bottom EQU 08558H
checkCrossY_1_5	EQU 08254H
checkCrossY_2_5	EQU 08263H
checkCrossY_3_5	EQU 08272H
checkCrossY_4_5	EQU 08281H
checkCrossY_5_5	EQU 08290H
checkCrossY_end	EQU 08297H
checkVerticalLimit EQU 0855EH
clearBall_continue EQU 084D9H
clearBall_loop	EQU 084DBH
countLoopBall	EQU 08633H
countLoopPaddle	EQU 08634H
loop_continue	EQU 0805FH
loop_paddle	EQU 0804AH
moveBall_down	EQU 080FFH
moveBall_downChg EQU 08116H
moveBall_left	EQU 08158H
moveBall_leftChg EQU 08177H
moveBall_leftLast EQU 08164H
moveBall_right	EQU 0812BH
moveBall_rightChg EQU 0814AH
moveBall_rightLast EQU 08137H
moveBall_up	EQU 080D8H
moveBall_upChg	EQU 080EFH
moveBall_x	EQU 08124H
movePaddle_1Down EQU 0819BH
movePaddle_2Down EQU 081C5H
movePaddle_2Up	EQU 081AFH
movePaddle_End	EQU 081D9H
p1points	EQU 08635H
p2points	EQU 08636H
paddle1pos	EQU 082D5H
paddle2pos	EQU 082D7H
printBall_continue EQU 08582H
printBall_left	EQU 08571H
printBall_loop	EQU 08591H
printBall_right	EQU 0857BH
printBorder_loop EQU 08504H
printLine_loop	EQU 08510H
printLine_loop2	EQU 08516H
printPaddle_loop EQU 0854BH
printPoint_2_print EQU 085D5H
printPoint_printLoop EQU 085EFH
reprintLine_loop EQU 0852FH
reprintLine_loopCont EQU 0853EH
reprintPoint_1	EQU 0860EH
reprintPoint_1_print EQU 08614H
reprintPoint_2	EQU 0862EH
scanKeys_0	EQU 080AAH
scanKeys_A	EQU 08090H
scanKeys_O	EQU 080B4H
scanKeys_Z	EQU 0809AH
